[2026-05-27T13:35:24.862681+02:00] logGeral.WARNING: Não foi inserido o nome da tarefa na req. [] []
[2026-05-27T13:35:24.867453+02:00] logGeral.WARNING: Não foi inserido a desc. da tarefa na req. [] []
[2026-05-27T13:42:42.828918+02:00] logGeral.WARNING: Não foi inserido o nome da tarefa na req. [] []
[2026-05-27T13:42:42.831510+02:00] logGeral.WARNING: Não foi inserido a desc. da tarefa na req. [] []
[2026-05-27T13:43:37.951852+02:00] logGeral.WARNING: Não foi inserido a desc. da tarefa na req. [] []
[2026-05-27T15:27:24.461235+02:00] logGeral.WARNING: Não foi inserida um tipo de prioridade correto na req. [] []
[2026-05-27T15:27:24.464438+02:00] logGeral.WARNING: Não foi inserida um tipo de prioridade correto na req. [] []
[2026-05-27T15:28:40.392817+02:00] logGeral.WARNING: Não foi inserida um tipo de prioridade correto na req. [] []
[2026-05-27T15:28:40.394965+02:00] logGeral.WARNING: Não foi inserida um tipo de prioridade correto na req. [] []
[2026-05-27T15:30:28.014386+02:00] logGeral.WARNING: Não foi inserida um tipo de prioridade correto na req. [] []
[2026-05-27T15:34:27.842275+02:00] logGeral.WARNING: Não foi inserida um tipo de prioridade correto na req. [] []
[2026-05-28T19:09:09.620007+02:00] logGeral.WARNING: ID da tarefa não é um número inteiro. [] []
[2026-05-28T19:09:54.856034+02:00] logGeral.WARNING: ID da tarefa não é um número inteiro. [] []
[2026-05-28T19:10:04.412145+02:00] logGeral.WARNING: ID da tarefa não é um número inteiro. [] []
[2026-05-28T19:12:07.739587+02:00] logGeral.WARNING: ID da tarefa não é um número inteiro. [] []
[2026-05-28T19:13:00.563983+02:00] logGeral.WARNING: ID da tarefa não é um número inteiro. [] []
[2026-05-28T19:14:22.463354+02:00] logGeral.WARNING: ID da tarefa não é um número inteiro. [] []
[2026-05-28T19:14:22.465369+02:00] logGeral.WARNING: Usuário não encontrado para edição. [] []
[2026-05-28T19:15:32.536050+02:00] logGeral.WARNING: ID da tarefa não é um número inteiro. [] []
[2026-05-28T19:15:32.538728+02:00] logGeral.WARNING: Usuário não encontrado para edição. [] []
[2026-05-28T19:37:15.900738+02:00] logGeral.WARNING: Usuário não encontrado para edição. [] []
